<?xml version="1.0" encoding="UTF-8"?>
<testsuite xmlns:xsi="http://www.w3.org/2001/XMLSchema-instance" xsi:noNamespaceSchemaLocation="https://maven.apache.org/surefire/maven-surefire-plugin/xsd/surefire-test-report-3.0.xsd" version="3.0" name="runner.RunCucumberTest" time="22.212" tests="5" errors="0" skipped="0" failures="0">
  <properties>
[...]
</properties>
  <testcase name="Dado que estou no site da QAzando" classname="Cenário: Visualizar código de desconto" time="0.003">
    <system-err><![CDATA[Starting ChromeDriver 91.0.4472.19 (1bf021f248676a0b2ab3ee0561d83a59e424c23e-refs/branch-heads/4472@{#288}) on port 20162
Only local connections are allowed.
Please see https://chromedriver.chromium.org/security-considerations for suggestions on keeping ChromeDriver safe.
ChromeDriver was started successfully.
jul 23, 2021 5:03:27 PM org.openqa.selenium.remote.ProtocolHandshake createSession
INFORMAÇÕES: Detected dialect: W3C
]]></system-err>
  </testcase>
  <testcase name="Quando preencho o email" classname="Cenário: Visualizar código de desconto" time="0.008"/>
  <testcase name="E clico em ganhar cupom" classname="Cenário: Visualizar código de desconto" time="0.003"/>
  <testcase name="Então devo visualizar o codigo de desconto" classname="Cenário: Visualizar código de desconto" time="0"/>
  <testcase name="" classname="Cenário: Visualizar código de desconto" time="0"/>
</testsuite>